<?xml version="1.0" encoding="UTF-8"?>
<!-- Generated by org.testng.reporters.JUnitReportReporter -->
<testsuite hostname="Sudik7" failures="0" tests="2" name="test.com.testr2" time="0.008" errors="0" timestamp="2023-05-02T18:23:08 EDT" skipped="0">
  <testcase classname="test.com.testr2" name="loginTest1" time="0.007"/>
  <system-out/>
  <testcase classname="test.com.testr2" name="loginTest2" time="0.001"/>
  <system-out/>
</testsuite> <!-- test.com.testr2 -->
