<?xml version="1.0" encoding="UTF-8"?>
<!-- Generated by org.testng.reporters.JUnitReportReporter -->
<testsuite hostname="Sudik7" failures="0" tests="2" name="test.com.testR1" time="0.014" errors="0" timestamp="2023-04-24T22:47:37 EDT" skipped="0">
  <testcase classname="test.com.testR1" name="loginTest" time="0.012"/>
  <system-out/>
  <testcase classname="test.com.testR1" name="logoutTest" time="0.002"/>
  <system-out/>
</testsuite> <!-- test.com.testR1 -->
