<?xml version="1.0" encoding="UTF-8"?>
<!-- Generated by org.testng.reporters.JUnitReportReporter -->
<testsuite hostname="Sudik7" failures="0" tests="4" name="test.com.testr5" time="0.010" errors="0" timestamp="2023-04-25T23:26:58 EDT" skipped="0">
  <testcase classname="test.com.testr5" name="da" time="0.008"/>
  <system-out/>
  <testcase classname="test.com.testr5" name="ca" time="0.001"/>
  <system-out/>
  <testcase classname="test.com.testr5" name="beta" time="0.000"/>
  <system-out/>
  <testcase classname="test.com.testr5" name="alpha" time="0.001"/>
  <system-out/>
</testsuite> <!-- test.com.testr5 -->
