<?xml version="1.0" encoding="UTF-8"?>
<!-- Generated by org.testng.reporters.JUnitReportReporter -->
<testsuite hostname="Sudik7" failures="0" tests="6" name="test.com.testr7" time="0.015" errors="0" timestamp="2023-04-27T21:35:53 EDT" skipped="0">
  <testcase classname="test.com.testr7" name="testcase4" time="0.001"/>
  <system-out/>
  <testcase classname="test.com.testr7" name="testcase5" time="0.000"/>
  <system-out/>
  <testcase classname="test.com.testr7" name="testcase6" time="0.001"/>
  <system-out/>
  <testcase classname="test.com.testr7" name="testcase2" time="0.001"/>
  <system-out/>
  <testcase classname="test.com.testr7" name="testcase3" time="0.001"/>
  <system-out/>
  <testcase classname="test.com.testr7" name="testcase1" time="0.011"/>
  <system-out/>
</testsuite> <!-- test.com.testr7 -->
