<?xml version="1.0" encoding="UTF-8"?>
<!-- Generated by org.testng.reporters.JUnitReportReporter -->
<testsuite hostname="Sudik7" failures="0" tests="1" name="test.com.sausedemotestng" time="2.292" errors="0" timestamp="2023-04-27T23:09:11 EDT" skipped="0">
  <testcase classname="test.com.sausedemotestng" name="testcase1" time="2.292"/>
  <system-out/>
</testsuite> <!-- test.com.sausedemotestng -->
